<?xml version="1.0" encoding="UTF-8"?>
<testsuite xmlns:xsi="http://www.w3.org/2001/XMLSchema-instance" xsi:noNamespaceSchemaLocation="https://maven.apache.org/surefire/maven-surefire-plugin/xsd/surefire-test-report-3.0.xsd" version="3.0" name="com.tradingbot.backend.controller.MarketDataControllerIntegrationTest" time="8.894" tests="4" errors="0" skipped="0" failures="0">
  <properties>
[...]
</properties>
  <testcase name="getSpotServerTime_shouldReturnServerTimeFromService" classname="com.tradingbot.backend.controller.MarketDataControllerIntegrationTest" time="0.056">
    <system-out><![CDATA[04:41:49.613 [main] INFO org.springframework.test.context.support.AnnotationConfigContextLoaderUtils -- Could not detect default configuration classes for test class [com.tradingbot.backend.controller.MarketDataControllerIntegrationTest]: MarketDataControllerIntegrationTest does not declare any static, non-private, non-final, nested classes annotated with @Configuration.
04:41:50.012 [main] INFO org.springframework.boot.test.context.SpringBootTestContextBootstrapper -- Found @SpringBootConfiguration com.tradingbot.backend.TradingBotApplication for test class com.tradingbot.backend.controller.MarketDataControllerIntegrationTest
04:41:50.111 [main] INFO org.springframework.boot.devtools.restart.RestartApplicationListener -- Restart disabled due to context in which it is running

  .   ____          _            __ _ _
 /\\ / ___'_ __ _ _(_)_ __  __ _ \ \ \ \
( ( )\___ | '_ | '_| | '_ \/ _` | \ \ \ \
 \\/  ___)| |_)| | | | | || (_| |  ) ) ) )
  '  |____| .__|_| |_|_| |_\__, | / / / /
 =========|_|==============|___/=/_/_/_/
 :: Spring Boot ::                (v3.2.0)

2025-06-12T04:41:50.248-04:00  WARN 92807 --- [           main] ory$DuplicateJsonObjectContextCustomizer : 

Found multiple occurrences of org.json.JSONObject on the class path:

	jar:file:/Users/rodriguecange/.m2/repository/com/vaadin/external/google/android-json/0.0.20131108.vaadin1/android-json-0.0.20131108.vaadin1.jar!/org/json/JSONObject.class
	jar:file:/Users/rodriguecange/.m2/repository/org/json/json/20231013/json-20231013.jar!/org/json/JSONObject.class

You may wish to exclude one of them to ensure predictable runtime behavior

2025-06-12T04:41:50.255-04:00  INFO 92807 --- [           main] .b.c.MarketDataControllerIntegrationTest : Starting MarketDataControllerIntegrationTest using Java 17.0.15 with PID 92807 (started by rodriguecange in /Users/rodriguecange/Desktop/TBOT)
2025-06-12T04:41:50.255-04:00 DEBUG 92807 --- [           main] .b.c.MarketDataControllerIntegrationTest : Running with Spring Boot v3.2.0, Spring v6.1.1
2025-06-12T04:41:50.256-04:00  INFO 92807 --- [           main] .b.c.MarketDataControllerIntegrationTest : The following 1 profile is active: "default"
2025-06-12T04:41:50.797-04:00  INFO 92807 --- [           main] .s.d.r.c.RepositoryConfigurationDelegate : Bootstrapping Spring Data JPA repositories in DEFAULT mode.
2025-06-12T04:41:50.845-04:00  INFO 92807 --- [           main] .s.d.r.c.RepositoryConfigurationDelegate : Finished Spring Data repository scanning in 43 ms. Found 7 JPA repository interfaces.
2025-06-12T04:41:51.981-04:00  INFO 92807 --- [           main] o.hibernate.jpa.internal.util.LogHelper  : HHH000204: Processing PersistenceUnitInfo [name: default]
2025-06-12T04:41:52.021-04:00  INFO 92807 --- [           main] org.hibernate.Version                    : HHH000412: Hibernate ORM core version 6.3.1.Final
2025-06-12T04:41:52.049-04:00  INFO 92807 --- [           main] o.h.c.internal.RegionFactoryInitiator    : HHH000026: Second-level cache disabled
2025-06-12T04:41:52.116-04:00  INFO 92807 --- [           main] o.s.o.j.p.SpringPersistenceUnitInfo      : No LoadTimeWeaver setup: ignoring JPA class transformer
2025-06-12T04:41:52.133-04:00  INFO 92807 --- [           main] com.zaxxer.hikari.HikariDataSource       : HikariPool-1 - Starting...
2025-06-12T04:41:52.251-04:00  INFO 92807 --- [           main] com.zaxxer.hikari.pool.HikariPool        : HikariPool-1 - Added connection conn0: url=jdbc:h2:mem:tradingbot user=SA
2025-06-12T04:41:52.252-04:00  INFO 92807 --- [           main] com.zaxxer.hikari.HikariDataSource       : HikariPool-1 - Start completed.
2025-06-12T04:41:52.276-04:00  WARN 92807 --- [           main] org.hibernate.orm.deprecation            : HHH90000025: H2Dialect does not need to be specified explicitly using 'hibernate.dialect' (remove the property setting and it will be selected by default)
2025-06-12T04:41:53.389-04:00  INFO 92807 --- [           main] o.h.e.t.j.p.i.JtaPlatformInitiator       : HHH000489: No JTA platform available (set 'hibernate.transaction.jta.platform' to enable JTA platform integration)
2025-06-12T04:41:53.459-04:00  INFO 92807 --- [           main] j.LocalContainerEntityManagerFactoryBean : Initialized JPA EntityManagerFactory for persistence unit 'default'
2025-06-12T04:41:53.614-04:00  INFO 92807 --- [           main] c.t.backend.service.AIAnalysisService    : AIAnalysisService initialized. Primary Provider: CLAUDE. Fallback Provider: OPENAI.
2025-06-12T04:41:53.615-04:00  INFO 92807 --- [       Thread-4] c.t.backend.service.AIAnalysisService    : AI request queue processor started.
2025-06-12T04:41:53.918-04:00  INFO 92807 --- [           main] c.t.b.service.SentimentAnalysisService   : SentimentAnalysisService initialized with Twitter API credentials
2025-06-12T04:41:53.918-04:00 DEBUG 92807 --- [           main] c.t.b.service.SentimentAnalysisService   : Twitter Bearer Token length: 0
2025-06-12T04:41:53.962-04:00  INFO 92807 --- [           main] o.s.d.j.r.query.QueryEnhancerFactory     : Hibernate is in classpath; If applicable, HQL parser will be used.
2025-06-12T04:41:54.324-04:00  INFO 92807 --- [           main] c.t.b.service.InstrumentInfoService      : Preloading instrument info for popular symbols...
2025-06-12T04:41:54.329-04:00  INFO 92807 --- [           main] c.t.b.service.InstrumentInfoService      : Fetching instrument info for BTCUSDT in category linear from API.
2025-06-12T04:41:54.330-04:00 DEBUG 92807 --- [           main] c.t.b.service.BybitApiClientService      : Bybit instruments info request: https://api.bybit.com/v5/market/instruments-info?category=linear&symbol=BTCUSDT
2025-06-12T04:41:54.340-04:00 DEBUG 92807 --- [           main] o.s.web.client.RestTemplate              : HTTP GET https://api.bybit.com/v5/market/instruments-info?category=linear&symbol=BTCUSDT
2025-06-12T04:41:54.344-04:00 DEBUG 92807 --- [           main] o.s.web.client.RestTemplate              : Accept=[text/plain, application/json, application/*+json, */*]
2025-06-12T04:41:55.067-04:00 DEBUG 92807 --- [           main] o.s.web.client.RestTemplate              : Response 200 OK
2025-06-12T04:41:55.071-04:00 DEBUG 92807 --- [           main] o.s.web.client.RestTemplate              : Reading to [java.lang.String] as "application/json;charset=utf-8"
2025-06-12T04:41:55.081-04:00  INFO 92807 --- [           main] c.t.b.service.InstrumentInfoService      : Fetched tickSize for linear:BTCUSDT: 0.10
2025-06-12T04:41:55.082-04:00  INFO 92807 --- [           main] c.t.b.service.InstrumentInfoService      : Fetching instrument info for ETHUSDT in category linear from API.
2025-06-12T04:41:55.082-04:00 DEBUG 92807 --- [           main] c.t.b.service.BybitApiClientService      : Bybit instruments info request: https://api.bybit.com/v5/market/instruments-info?category=linear&symbol=ETHUSDT
2025-06-12T04:41:55.082-04:00 DEBUG 92807 --- [           main] o.s.web.client.RestTemplate              : HTTP GET https://api.bybit.com/v5/market/instruments-info?category=linear&symbol=ETHUSDT
2025-06-12T04:41:55.082-04:00 DEBUG 92807 --- [           main] o.s.web.client.RestTemplate              : Accept=[text/plain, application/json, application/*+json, */*]
2025-06-12T04:41:56.037-04:00 DEBUG 92807 --- [           main] o.s.web.client.RestTemplate              : Response 200 OK
2025-06-12T04:41:56.037-04:00 DEBUG 92807 --- [           main] o.s.web.client.RestTemplate              : Reading to [java.lang.String] as "application/json;charset=utf-8"
2025-06-12T04:41:56.037-04:00  INFO 92807 --- [           main] c.t.b.service.InstrumentInfoService      : Fetched tickSize for linear:ETHUSDT: 0.01
2025-06-12T04:41:56.038-04:00  INFO 92807 --- [           main] c.t.b.service.InstrumentInfoService      : Fetching instrument info for BTCUSDT in category spot from API.
2025-06-12T04:41:56.038-04:00 DEBUG 92807 --- [           main] c.t.b.service.BybitApiClientService      : Bybit instruments info request: https://api.bybit.com/v5/market/instruments-info?category=spot&symbol=BTCUSDT
2025-06-12T04:41:56.038-04:00 DEBUG 92807 --- [           main] o.s.web.client.RestTemplate              : HTTP GET https://api.bybit.com/v5/market/instruments-info?category=spot&symbol=BTCUSDT
2025-06-12T04:41:56.038-04:00 DEBUG 92807 --- [           main] o.s.web.client.RestTemplate              : Accept=[text/plain, application/json, application/*+json, */*]
2025-06-12T04:41:56.442-04:00 DEBUG 92807 --- [           main] o.s.web.client.RestTemplate              : Response 200 OK
2025-06-12T04:41:56.442-04:00 DEBUG 92807 --- [           main] o.s.web.client.RestTemplate              : Reading to [java.lang.String] as "application/json;charset=utf-8"
2025-06-12T04:41:56.442-04:00  INFO 92807 --- [           main] c.t.b.service.InstrumentInfoService      : Fetched tickSize for spot:BTCUSDT: 0.1
2025-06-12T04:41:56.443-04:00  INFO 92807 --- [           main] c.t.b.service.InstrumentInfoService      : Fetching instrument info for ETHUSDT in category spot from API.
2025-06-12T04:41:56.443-04:00 DEBUG 92807 --- [           main] c.t.b.service.BybitApiClientService      : Bybit instruments info request: https://api.bybit.com/v5/market/instruments-info?category=spot&symbol=ETHUSDT
2025-06-12T04:41:56.443-04:00 DEBUG 92807 --- [           main] o.s.web.client.RestTemplate              : HTTP GET https://api.bybit.com/v5/market/instruments-info?category=spot&symbol=ETHUSDT
2025-06-12T04:41:56.443-04:00 DEBUG 92807 --- [           main] o.s.web.client.RestTemplate              : Accept=[text/plain, application/json, application/*+json, */*]
2025-06-12T04:41:57.406-04:00 DEBUG 92807 --- [           main] o.s.web.client.RestTemplate              : Response 200 OK
2025-06-12T04:41:57.407-04:00 DEBUG 92807 --- [           main] o.s.web.client.RestTemplate              : Reading to [java.lang.String] as "application/json;charset=utf-8"
2025-06-12T04:41:57.408-04:00  INFO 92807 --- [           main] c.t.b.service.InstrumentInfoService      : Fetched tickSize for spot:ETHUSDT: 0.01
2025-06-12T04:41:57.408-04:00  INFO 92807 --- [           main] c.t.b.service.InstrumentInfoService      : Instrument info preloading complete.
2025-06-12T04:41:57.413-04:00  INFO 92807 --- [           main] c.t.b.service.OrderManagementService     : Initializing caches from database
2025-06-12T04:41:57.518-04:00  INFO 92807 --- [           main] c.t.b.service.OrderManagementService     : Initialized caches with 0 orders and 0 positions
2025-06-12T04:41:57.549-04:00  INFO 92807 --- [           main] c.t.b.service.RiskManagementService      : RISK_MGMT: Fetching account info from Bybit (getWalletBalance UNIFIED)
2025-06-12T04:41:57.549-04:00 ERROR 92807 --- [           main] c.t.b.service.BybitApiClientService      : Error generating Bybit signature: Empty key
2025-06-12T04:41:57.549-04:00 ERROR 92807 --- [           main] c.t.b.service.BybitApiClientService      : Error getting wallet balance: Error generating Bybit signature
2025-06-12T04:41:57.549-04:00 ERROR 92807 --- [           main] c.t.b.service.RiskManagementService      : RISK_MGMT: Error fetching current portfolio value: Failed to get wallet balance. Returning zero.
2025-06-12T04:41:57.549-04:00  INFO 92807 --- [           main] c.t.b.service.RiskManagementService      : RISK_MGMT: Portfolio snapshot updated. StartOfDay: 0, PeakToday: 0, StartOfWeek: 0, PeakThisWeek: 0
2025-06-12T04:41:57.576-04:00 ERROR 92807 --- [           main] c.t.b.service.BybitWebSocketService      : Error subscribing to positions: Empty key
2025-06-12T04:41:57.739-04:00  INFO 92807 --- [           main] c.t.b.service.StrategyExecutionService   : Initialized Sniper Strategy Executor with core pool size: 4
2025-06-12T04:41:57.757-04:00  INFO 92807 --- [           main] c.t.b.service.StrategyExecutionService   : Initializing StrategyExecutionService
2025-06-12T04:41:57.757-04:00  INFO 92807 --- [           main] c.t.b.service.StrategyExecutionService   : Cleaned up strategy IDs. Sniper ID: 'SniperEntryStrategy', Default ID: 'DefaultStrategy'
2025-06-12T04:41:57.757-04:00 ERROR 92807 --- [           main] c.t.b.service.BybitApiClientService      : Error generating Bybit signature: Empty key
2025-06-12T04:41:57.757-04:00 ERROR 92807 --- [           main] c.t.b.service.BybitApiClientService      : Error getting Bybit open orders: Error generating Bybit signature
2025-06-12T04:41:57.757-04:00 ERROR 92807 --- [           main] c.t.b.service.StrategyExecutionService   : Error loading active orders: Failed to get open orders
2025-06-12T04:41:57.758-04:00  INFO 92807 --- [           main] c.t.b.service.strategy.DefaultStrategy   : DefaultStrategy: Loaded default configuration.
2025-06-12T04:41:57.761-04:00  INFO 92807 --- [           main] c.t.b.service.TradingStrategyService     : Registered strategy: Default Strategy (DefaultStrategy)
2025-06-12T04:41:57.762-04:00  INFO 92807 --- [           main] c.t.b.service.TradingStrategyService     : Registered strategy: Sniper Entry Strategy (SniperEntryStrategy)
2025-06-12T04:41:57.762-04:00  INFO 92807 --- [           main] c.t.b.service.TradingStrategyService     : Initialized 2 trading strategies from the Spring context.
2025-06-12T04:41:57.766-04:00  WARN 92807 --- [           main] c.t.b.s.c.BybitPositionWebSocketClient   : Bybit API key/secret not configured. WebSocket client will not connect.
2025-06-12T04:41:57.866-04:00  WARN 92807 --- [           main] JpaBaseConfiguration$JpaWebConfiguration : spring.jpa.open-in-view is enabled by default. Therefore, database queries may be performed during view rendering. Explicitly configure spring.jpa.open-in-view to disable this warning
2025-06-12T04:41:58.165-04:00  INFO 92807 --- [           main] o.s.b.a.h2.H2ConsoleAutoConfiguration    : H2 console available at '/h2-console'. Database available at 'jdbc:h2:mem:tradingbot'
2025-06-12T04:41:58.207-04:00  INFO 92807 --- [           main] o.s.b.t.m.w.SpringBootMockServletContext : Initializing Spring TestDispatcherServlet ''
2025-06-12T04:41:58.207-04:00  INFO 92807 --- [           main] o.s.t.web.servlet.TestDispatcherServlet  : Initializing Servlet ''
2025-06-12T04:41:58.208-04:00  INFO 92807 --- [           main] o.s.t.web.servlet.TestDispatcherServlet  : Completed initialization in 1 ms
2025-06-12T04:41:58.221-04:00  INFO 92807 --- [           main] o.s.m.s.b.SimpleBrokerMessageHandler     : Starting...
2025-06-12T04:41:58.222-04:00  INFO 92807 --- [           main] o.s.m.s.b.SimpleBrokerMessageHandler     : BrokerAvailabilityEvent[available=true, SimpleBrokerMessageHandler [org.springframework.messaging.simp.broker.DefaultSubscriptionRegistry@4bd3ea99]]
2025-06-12T04:41:58.222-04:00  INFO 92807 --- [           main] o.s.m.s.b.SimpleBrokerMessageHandler     : Started.
2025-06-12T04:41:58.231-04:00  INFO 92807 --- [           main] .b.c.MarketDataControllerIntegrationTest : Started MarketDataControllerIntegrationTest in 8.125 seconds (process running for 9.276)
2025-06-12T04:41:58.233-04:00  INFO 92807 --- [MessageBroker-8] c.t.b.service.StrategyExecutionService   : Running scheduled default strategy execution for symbols: [NXPCUSDT]
2025-06-12T04:41:58.233-04:00  INFO 92807 --- [MessageBroker-8] c.t.b.service.StrategyExecutionService   : Determined exchange for default symbol NXPCUSDT from config: BYBIT
2025-06-12T04:41:58.233-04:00 DEBUG 92807 --- [MessageBroker-8] c.t.b.service.StrategyExecutionService   : Symbol NXPCUSDT matched for Sniper Strategy (ID: SniperEntryStrategy)
2025-06-12T04:41:58.233-04:00  INFO 92807 --- [MessageBroker-8] c.t.b.service.StrategyExecutionService   : Executing strategy SniperEntryStrategy for NXPCUSDT on BYBIT
2025-06-12T04:41:58.233-04:00  INFO 92807 --- [MessageBroker-4] c.t.backend.service.HedgingService       : Starting hedging evaluation for all positions
2025-06-12T04:41:58.233-04:00 DEBUG 92807 --- [MessageBroker-4] c.t.backend.service.HedgingService       : Evaluating 0 existing hedges
2025-06-12T04:41:58.233-04:00 ERROR 92807 --- [MessageBroker-8] c.t.b.service.BybitApiClientService      : Error generating Bybit signature: Empty key
2025-06-12T04:41:58.233-04:00 ERROR 92807 --- [MessageBroker-8] c.t.b.service.BybitApiClientService      : Error getting wallet balance: Error generating Bybit signature
2025-06-12T04:41:58.233-04:00 ERROR 92807 --- [MessageBroker-8] c.t.b.service.BybitApiClientService      : Error getting spot wallet balance: Failed to get wallet balance
2025-06-12T04:41:58.233-04:00 ERROR 92807 --- [MessageBroker-8] c.t.b.service.StrategyExecutionService   : Error getting account balance from BYBIT: Failed to get spot wallet balance
2025-06-12T04:41:58.234-04:00 DEBUG 92807 --- [MessageBroker-8] c.t.b.service.StrategyExecutionService   : No active position for NXPCUSDT, evaluating entry for strategy Sniper Entry Strategy
2025-06-12T04:41:58.234-04:00 DEBUG 92807 --- [MessageBroker-3] c.t.b.s.PerformanceTrackingService       : Capturing balance snapshot
2025-06-12T04:41:58.234-04:00 DEBUG 92807 --- [MessageBroker-7] c.t.b.s.PerformanceTrackingService       : Updating strategy performance
2025-06-12T04:41:58.234-04:00  INFO 92807 --- [MessageBroker-5] c.t.b.service.OrderManagementService     : OMS: Starting scheduled position update and reconciliation process.
2025-06-12T04:41:58.234-04:00 DEBUG 92807 --- [MessageBroker-5] c.t.b.service.OrderManagementService     : OMS: Fetching Bybit Linear positions...
2025-06-12T04:41:58.234-04:00  INFO 92807 --- [MessageBroker-2] c.t.b.s.PerformanceLearningService       : Starting automated weight adjustment calculation
2025-06-12T04:41:58.234-04:00  INFO 92807 --- [MessageBroker-2] c.t.b.s.PerformanceLearningService       : Completed weight adjustment calculation. Applied 0 adjustments
2025-06-12T04:41:58.234-04:00  INFO 92807 --- [MessageBroker-6] c.t.b.service.RiskManagementService      : Updating risk metrics for open positions
2025-06-12T04:41:58.234-04:00  INFO 92807 --- [MessageBroker-5] c.t.b.service.BybitPositionService       : Fetching open Bybit positions for category: linear
2025-06-12T04:41:58.234-04:00  INFO 92807 --- [MessageBroker-5] c.t.b.service.BybitPositionService       : For linear category, using settleCoin: USDT
2025-06-12T04:41:58.234-04:00 ERROR 92807 --- [MessageBroker-5] c.t.b.service.BybitApiClientService      : Error generating Bybit signature: Empty key
2025-06-12T04:41:58.235-04:00 ERROR 92807 --- [MessageBroker-5] c.t.b.service.BybitApiClientService      : Error getting position info: Error generating Bybit signature
2025-06-12T04:41:58.239-04:00 DEBUG 92807 --- [MessageBroker-7] c.t.b.s.PerformanceTrackingService       : Strategy performance updated for 0 strategies
2025-06-12T04:41:58.235-04:00 ERROR 92807 --- [MessageBroker-5] c.t.b.service.BybitPositionService       : Exception fetching Bybit positions for category linear: Failed to get position info

java.lang.RuntimeException: Failed to get position info
	at com.tradingbot.backend.service.BybitApiClientService.getPositionInfo(BybitApiClientService.java:882) ~[classes/:na]
	at com.tradingbot.backend.service.BybitPositionService.getOpenPositions(BybitPositionService.java:54) ~[classes/:na]
	at com.tradingbot.backend.service.OrderManagementService.updatePositions(OrderManagementService.java:631) ~[classes/:na]
	at java.base/jdk.internal.reflect.NativeMethodAccessorImpl.invoke0(Native Method) ~[na:na]
	at java.base/jdk.internal.reflect.NativeMethodAccessorImpl.invoke(NativeMethodAccessorImpl.java:77) ~[na:na]
	at java.base/jdk.internal.reflect.DelegatingMethodAccessorImpl.invoke(DelegatingMethodAccessorImpl.java:43) ~[na:na]
	at java.base/java.lang.reflect.Method.invoke(Method.java:569) ~[na:na]
	at org.springframework.aop.support.AopUtils.invokeJoinpointUsingReflection(AopUtils.java:352) ~[spring-aop-6.1.1.jar:6.1.1]
	at org.springframework.aop.framework.ReflectiveMethodInvocation.invokeJoinpoint(ReflectiveMethodInvocation.java:196) ~[spring-aop-6.1.1.jar:6.1.1]
	at org.springframework.aop.framework.ReflectiveMethodInvocation.proceed(ReflectiveMethodInvocation.java:163) ~[spring-aop-6.1.1.jar:6.1.1]
	at org.springframework.aop.framework.CglibAopProxy$CglibMethodInvocation.proceed(CglibAopProxy.java:765) ~[spring-aop-6.1.1.jar:6.1.1]
	at org.springframework.transaction.interceptor.TransactionInterceptor$1.proceedWithInvocation(TransactionInterceptor.java:123) ~[spring-tx-6.1.1.jar:6.1.1]
	at org.springframework.transaction.interceptor.TransactionAspectSupport.invokeWithinTransaction(TransactionAspectSupport.java:385) ~[spring-tx-6.1.1.jar:6.1.1]
	at org.springframework.transaction.interceptor.TransactionInterceptor.invoke(TransactionInterceptor.java:119) ~[spring-tx-6.1.1.jar:6.1.1]
	at org.springframework.aop.framework.ReflectiveMethodInvocation.proceed(ReflectiveMethodInvocation.java:184) ~[spring-aop-6.1.1.jar:6.1.1]
	at org.springframework.aop.framework.CglibAopProxy$CglibMethodInvocation.proceed(CglibAopProxy.java:765) ~[spring-aop-6.1.1.jar:6.1.1]
	at org.springframework.aop.framework.CglibAopProxy$DynamicAdvisedInterceptor.intercept(CglibAopProxy.java:717) ~[spring-aop-6.1.1.jar:6.1.1]
	at com.tradingbot.backend.service.OrderManagementService$$SpringCGLIB$$0.updatePositions(<generated>) ~[classes/:na]
	at java.base/jdk.internal.reflect.NativeMethodAccessorImpl.invoke0(Native Method) ~[na:na]
	at java.base/jdk.internal.reflect.NativeMethodAccessorImpl.invoke(NativeMethodAccessorImpl.java:77) ~[na:na]
	at java.base/jdk.internal.reflect.DelegatingMethodAccessorImpl.invoke(DelegatingMethodAccessorImpl.java:43) ~[na:na]
	at java.base/java.lang.reflect.Method.invoke(Method.java:569) ~[na:na]
	at org.springframework.scheduling.support.ScheduledMethodRunnable.runInternal(ScheduledMethodRunnable.java:130) ~[spring-context-6.1.1.jar:6.1.1]
	at org.springframework.scheduling.support.ScheduledMethodRunnable.lambda$run$2(ScheduledMethodRunnable.java:124) ~[spring-context-6.1.1.jar:6.1.1]
	at io.micrometer.observation.Observation.observe(Observation.java:499) ~[micrometer-observation-1.12.0.jar:1.12.0]
	at org.springframework.scheduling.support.ScheduledMethodRunnable.run(ScheduledMethodRunnable.java:124) ~[spring-context-6.1.1.jar:6.1.1]
	at org.springframework.scheduling.support.DelegatingErrorHandlingRunnable.run(DelegatingErrorHandlingRunnable.java:54) ~[spring-context-6.1.1.jar:6.1.1]
	at java.base/java.util.concurrent.Executors$RunnableAdapter.call(Executors.java:539) ~[na:na]
	at java.base/java.util.concurrent.FutureTask.runAndReset(FutureTask.java:305) ~[na:na]
	at java.base/java.util.concurrent.ScheduledThreadPoolExecutor$ScheduledFutureTask.run(ScheduledThreadPoolExecutor.java:305) ~[na:na]
	at java.base/java.util.concurrent.ThreadPoolExecutor.runWorker(ThreadPoolExecutor.java:1136) ~[na:na]
	at java.base/java.util.concurrent.ThreadPoolExecutor$Worker.run(ThreadPoolExecutor.java:635) ~[na:na]
	at java.base/java.lang.Thread.run(Thread.java:840) ~[na:na]
Caused by: java.lang.RuntimeException: Error generating Bybit signature
	at com.tradingbot.backend.service.BybitApiClientService.generateSignature(BybitApiClientService.java:112) ~[classes/:na]
	at com.tradingbot.backend.service.BybitApiClientService.getPositionInfo(BybitApiClientService.java:873) ~[classes/:na]
	... 32 common frames omitted
Caused by: java.lang.IllegalArgumentException: Empty key
	at java.base/javax.crypto.spec.SecretKeySpec.<init>(SecretKeySpec.java:111) ~[na:na]
	at com.tradingbot.backend.service.BybitApiClientService.generateSignature(BybitApiClientService.java:102) ~[classes/:na]
	... 33 common frames omitted

2025-06-12T04:41:58.240-04:00  INFO 92807 --- [MessageBroker-5] c.t.b.service.OrderManagementService     : OMS: Fetched 0 Bybit Linear positions.
2025-06-12T04:41:58.240-04:00 DEBUG 92807 --- [MessageBroker-5] c.t.b.service.OrderManagementService     : OMS: Fetching MEXC Futures positions. (Currently Disabled)
2025-06-12T04:41:58.240-04:00  WARN 92807 --- [MessageBroker-5] c.t.b.service.OrderManagementService     : OMS: MEXC Spot position reconciliation is not yet implemented and currently disabled.
2025-06-12T04:41:58.240-04:00  INFO 92807 --- [MessageBroker-5] c.t.b.service.OrderManagementService     : OMS: Starting reconciliation. Found 0 positions reported by exchanges.
2025-06-12T04:41:58.253-04:00  INFO 92807 --- [MessageBroker-8] c.t.b.service.MarketScannerService       : Starting market scan for 1 pairs on BYBIT linear market
2025-06-12T04:41:58.254-04:00  INFO 92807 --- [MessageBroker-5] c.t.b.service.OrderManagementService     : OMS: Starting post-reconciliation updates for all currently OPEN positions.
2025-06-12T04:41:58.256-04:00  INFO 92807 --- [MessageBroker-5] c.t.b.service.OrderManagementService     : OMS: Found 0 positions marked OPEN in DB after reconciliation.
2025-06-12T04:41:58.257-04:00 DEBUG 92807 --- [pool-3-thread-1] c.t.b.service.BybitApiClientService      : Bybit kline request: https://api.bybit.com/v5/market/kline?category=linear&end=1749717718257&interval=60&limit=100&start=1749357718257&symbol=NXPCUSDT
2025-06-12T04:41:58.257-04:00 DEBUG 92807 --- [pool-3-thread-1] o.s.web.client.RestTemplate              : HTTP GET https://api.bybit.com/v5/market/kline?category=linear&end=1749717718257&interval=60&limit=100&start=1749357718257&symbol=NXPCUSDT
2025-06-12T04:41:58.257-04:00 DEBUG 92807 --- [pool-3-thread-1] o.s.web.client.RestTemplate              : Accept=[text/plain, application/json, application/*+json, */*]
2025-06-12T04:41:58.261-04:00 ERROR 92807 --- [MessageBroker-3] c.t.backend.service.AccountService       : Error fetching account balance: 

java.lang.NullPointerException: Cannot invoke "org.springframework.http.ResponseEntity.getStatusCode()" because "response" is null
	at com.tradingbot.backend.service.AccountService.getAccountBalance(AccountService.java:45) ~[classes/:na]
	at com.tradingbot.backend.service.AccountService.getBalanceSummary(AccountService.java:87) ~[classes/:na]
	at com.tradingbot.backend.service.PerformanceTrackingService.captureBalanceSnapshot(PerformanceTrackingService.java:44) ~[classes/:na]
	at java.base/jdk.internal.reflect.NativeMethodAccessorImpl.invoke0(Native Method) ~[na:na]
	at java.base/jdk.internal.reflect.NativeMethodAccessorImpl.invoke(NativeMethodAccessorImpl.java:77) ~[na:na]
	at java.base/jdk.internal.reflect.DelegatingMethodAccessorImpl.invoke(DelegatingMethodAccessorImpl.java:43) ~[na:na]
	at java.base/java.lang.reflect.Method.invoke(Method.java:569) ~[na:na]
	at org.springframework.aop.support.AopUtils.invokeJoinpointUsingReflection(AopUtils.java:352) ~[spring-aop-6.1.1.jar:6.1.1]
	at org.springframework.aop.framework.ReflectiveMethodInvocation.invokeJoinpoint(ReflectiveMethodInvocation.java:196) ~[spring-aop-6.1.1.jar:6.1.1]
	at org.springframework.aop.framework.ReflectiveMethodInvocation.proceed(ReflectiveMethodInvocation.java:163) ~[spring-aop-6.1.1.jar:6.1.1]
	at org.springframework.aop.framework.CglibAopProxy$CglibMethodInvocation.proceed(CglibAopProxy.java:765) ~[spring-aop-6.1.1.jar:6.1.1]
	at org.springframework.transaction.interceptor.TransactionInterceptor$1.proceedWithInvocation(TransactionInterceptor.java:123) ~[spring-tx-6.1.1.jar:6.1.1]
	at org.springframework.transaction.interceptor.TransactionAspectSupport.invokeWithinTransaction(TransactionAspectSupport.java:385) ~[spring-tx-6.1.1.jar:6.1.1]
	at org.springframework.transaction.interceptor.TransactionInterceptor.invoke(TransactionInterceptor.java:119) ~[spring-tx-6.1.1.jar:6.1.1]
	at org.springframework.aop.framework.ReflectiveMethodInvocation.proceed(ReflectiveMethodInvocation.java:184) ~[spring-aop-6.1.1.jar:6.1.1]
	at org.springframework.aop.framework.CglibAopProxy$CglibMethodInvocation.proceed(CglibAopProxy.java:765) ~[spring-aop-6.1.1.jar:6.1.1]
	at org.springframework.aop.framework.CglibAopProxy$DynamicAdvisedInterceptor.intercept(CglibAopProxy.java:717) ~[spring-aop-6.1.1.jar:6.1.1]
	at com.tradingbot.backend.service.PerformanceTrackingService$$SpringCGLIB$$0.captureBalanceSnapshot(<generated>) ~[classes/:na]
	at java.base/jdk.internal.reflect.NativeMethodAccessorImpl.invoke0(Native Method) ~[na:na]
	at java.base/jdk.internal.reflect.NativeMethodAccessorImpl.invoke(NativeMethodAccessorImpl.java:77) ~[na:na]
	at java.base/jdk.internal.reflect.DelegatingMethodAccessorImpl.invoke(DelegatingMethodAccessorImpl.java:43) ~[na:na]
	at java.base/java.lang.reflect.Method.invoke(Method.java:569) ~[na:na]
	at org.springframework.scheduling.support.ScheduledMethodRunnable.runInternal(ScheduledMethodRunnable.java:130) ~[spring-context-6.1.1.jar:6.1.1]
	at org.springframework.scheduling.support.ScheduledMethodRunnable.lambda$run$2(ScheduledMethodRunnable.java:124) ~[spring-context-6.1.1.jar:6.1.1]
	at io.micrometer.observation.Observation.observe(Observation.java:499) ~[micrometer-observation-1.12.0.jar:1.12.0]
	at org.springframework.scheduling.support.ScheduledMethodRunnable.run(ScheduledMethodRunnable.java:124) ~[spring-context-6.1.1.jar:6.1.1]
	at org.springframework.scheduling.support.DelegatingErrorHandlingRunnable.run(DelegatingErrorHandlingRunnable.java:54) ~[spring-context-6.1.1.jar:6.1.1]
	at java.base/java.util.concurrent.Executors$RunnableAdapter.call(Executors.java:539) ~[na:na]
	at java.base/java.util.concurrent.FutureTask.runAndReset(FutureTask.java:305) ~[na:na]
	at java.base/java.util.concurrent.ScheduledThreadPoolExecutor$ScheduledFutureTask.run(ScheduledThreadPoolExecutor.java:305) ~[na:na]
	at java.base/java.util.concurrent.ThreadPoolExecutor.runWorker(ThreadPoolExecutor.java:1136) ~[na:na]
	at java.base/java.util.concurrent.ThreadPoolExecutor$Worker.run(ThreadPoolExecutor.java:635) ~[na:na]
	at java.base/java.lang.Thread.run(Thread.java:840) ~[na:na]

2025-06-12T04:41:58.262-04:00 ERROR 92807 --- [MessageBroker-3] c.t.backend.service.AccountService       : Error creating balance summary: 

java.lang.RuntimeException: Failed to fetch account balance: Cannot invoke "org.springframework.http.ResponseEntity.getStatusCode()" because "response" is null
	at com.tradingbot.backend.service.AccountService.getAccountBalance(AccountService.java:76) ~[classes/:na]
	at com.tradingbot.backend.service.AccountService.getBalanceSummary(AccountService.java:87) ~[classes/:na]
	at com.tradingbot.backend.service.PerformanceTrackingService.captureBalanceSnapshot(PerformanceTrackingService.java:44) ~[classes/:na]
	at java.base/jdk.internal.reflect.NativeMethodAccessorImpl.invoke0(Native Method) ~[na:na]
	at java.base/jdk.internal.reflect.NativeMethodAccessorImpl.invoke(NativeMethodAccessorImpl.java:77) ~[na:na]
	at java.base/jdk.internal.reflect.DelegatingMethodAccessorImpl.invoke(DelegatingMethodAccessorImpl.java:43) ~[na:na]
	at java.base/java.lang.reflect.Method.invoke(Method.java:569) ~[na:na]
	at org.springframework.aop.support.AopUtils.invokeJoinpointUsingReflection(AopUtils.java:352) ~[spring-aop-6.1.1.jar:6.1.1]
	at org.springframework.aop.framework.ReflectiveMethodInvocation.invokeJoinpoint(ReflectiveMethodInvocation.java:196) ~[spring-aop-6.1.1.jar:6.1.1]
	at org.springframework.aop.framework.ReflectiveMethodInvocation.proceed(ReflectiveMethodInvocation.java:163) ~[spring-aop-6.1.1.jar:6.1.1]
	at org.springframework.aop.framework.CglibAopProxy$CglibMethodInvocation.proceed(CglibAopProxy.java:765) ~[spring-aop-6.1.1.jar:6.1.1]
	at org.springframework.transaction.interceptor.TransactionInterceptor$1.proceedWithInvocation(TransactionInterceptor.java:123) ~[spring-tx-6.1.1.jar:6.1.1]
	at org.springframework.transaction.interceptor.TransactionAspectSupport.invokeWithinTransaction(TransactionAspectSupport.java:385) ~[spring-tx-6.1.1.jar:6.1.1]
	at org.springframework.transaction.interceptor.TransactionInterceptor.invoke(TransactionInterceptor.java:119) ~[spring-tx-6.1.1.jar:6.1.1]
	at org.springframework.aop.framework.ReflectiveMethodInvocation.proceed(ReflectiveMethodInvocation.java:184) ~[spring-aop-6.1.1.jar:6.1.1]
	at org.springframework.aop.framework.CglibAopProxy$CglibMethodInvocation.proceed(CglibAopProxy.java:765) ~[spring-aop-6.1.1.jar:6.1.1]
	at org.springframework.aop.framework.CglibAopProxy$DynamicAdvisedInterceptor.intercept(CglibAopProxy.java:717) ~[spring-aop-6.1.1.jar:6.1.1]
	at com.tradingbot.backend.service.PerformanceTrackingService$$SpringCGLIB$$0.captureBalanceSnapshot(<generated>) ~[classes/:na]
	at java.base/jdk.internal.reflect.NativeMethodAccessorImpl.invoke0(Native Method) ~[na:na]
	at java.base/jdk.internal.reflect.NativeMethodAccessorImpl.invoke(NativeMethodAccessorImpl.java:77) ~[na:na]
	at java.base/jdk.internal.reflect.DelegatingMethodAccessorImpl.invoke(DelegatingMethodAccessorImpl.java:43) ~[na:na]
	at java.base/java.lang.reflect.Method.invoke(Method.java:569) ~[na:na]
	at org.springframework.scheduling.support.ScheduledMethodRunnable.runInternal(ScheduledMethodRunnable.java:130) ~[spring-context-6.1.1.jar:6.1.1]
	at org.springframework.scheduling.support.ScheduledMethodRunnable.lambda$run$2(ScheduledMethodRunnable.java:124) ~[spring-context-6.1.1.jar:6.1.1]
	at io.micrometer.observation.Observation.observe(Observation.java:499) ~[micrometer-observation-1.12.0.jar:1.12.0]
	at org.springframework.scheduling.support.ScheduledMethodRunnable.run(ScheduledMethodRunnable.java:124) ~[spring-context-6.1.1.jar:6.1.1]
	at org.springframework.scheduling.support.DelegatingErrorHandlingRunnable.run(DelegatingErrorHandlingRunnable.java:54) ~[spring-context-6.1.1.jar:6.1.1]
	at java.base/java.util.concurrent.Executors$RunnableAdapter.call(Executors.java:539) ~[na:na]
	at java.base/java.util.concurrent.FutureTask.runAndReset(FutureTask.java:305) ~[na:na]
	at java.base/java.util.concurrent.ScheduledThreadPoolExecutor$ScheduledFutureTask.run(ScheduledThreadPoolExecutor.java:305) ~[na:na]
	at java.base/java.util.concurrent.ThreadPoolExecutor.runWorker(ThreadPoolExecutor.java:1136) ~[na:na]
	at java.base/java.util.concurrent.ThreadPoolExecutor$Worker.run(ThreadPoolExecutor.java:635) ~[na:na]
	at java.base/java.lang.Thread.run(Thread.java:840) ~[na:na]
Caused by: java.lang.NullPointerException: Cannot invoke "org.springframework.http.ResponseEntity.getStatusCode()" because "response" is null
	at com.tradingbot.backend.service.AccountService.getAccountBalance(AccountService.java:45) ~[classes/:na]
	... 32 common frames omitted

2025-06-12T04:41:58.262-04:00 ERROR 92807 --- [MessageBroker-3] c.t.b.s.PerformanceTrackingService       : Error capturing balance snapshot

java.lang.RuntimeException: Failed to create balance summary: Failed to fetch account balance: Cannot invoke "org.springframework.http.ResponseEntity.getStatusCode()" because "response" is null
	at com.tradingbot.backend.service.AccountService.getBalanceSummary(AccountService.java:129) ~[classes/:na]
	at com.tradingbot.backend.service.PerformanceTrackingService.captureBalanceSnapshot(PerformanceTrackingService.java:44) ~[classes/:na]
	at java.base/jdk.internal.reflect.NativeMethodAccessorImpl.invoke0(Native Method) ~[na:na]
	at java.base/jdk.internal.reflect.NativeMethodAccessorImpl.invoke(NativeMethodAccessorImpl.java:77) ~[na:na]
	at java.base/jdk.internal.reflect.DelegatingMethodAccessorImpl.invoke(DelegatingMethodAccessorImpl.java:43) ~[na:na]
	at java.base/java.lang.reflect.Method.invoke(Method.java:569) ~[na:na]
	at org.springframework.aop.support.AopUtils.invokeJoinpointUsingReflection(AopUtils.java:352) ~[spring-aop-6.1.1.jar:6.1.1]
	at org.springframework.aop.framework.ReflectiveMethodInvocation.invokeJoinpoint(ReflectiveMethodInvocation.java:196) ~[spring-aop-6.1.1.jar:6.1.1]
	at org.springframework.aop.framework.ReflectiveMethodInvocation.proceed(ReflectiveMethodInvocation.java:163) ~[spring-aop-6.1.1.jar:6.1.1]
	at org.springframework.aop.framework.CglibAopProxy$CglibMethodInvocation.proceed(CglibAopProxy.java:765) ~[spring-aop-6.1.1.jar:6.1.1]
	at org.springframework.transaction.interceptor.TransactionInterceptor$1.proceedWithInvocation(TransactionInterceptor.java:123) ~[spring-tx-6.1.1.jar:6.1.1]
	at org.springframework.transaction.interceptor.TransactionAspectSupport.invokeWithinTransaction(TransactionAspectSupport.java:385) ~[spring-tx-6.1.1.jar:6.1.1]
	at org.springframework.transaction.interceptor.TransactionInterceptor.invoke(TransactionInterceptor.java:119) ~[spring-tx-6.1.1.jar:6.1.1]
	at org.springframework.aop.framework.ReflectiveMethodInvocation.proceed(ReflectiveMethodInvocation.java:184) ~[spring-aop-6.1.1.jar:6.1.1]
	at org.springframework.aop.framework.CglibAopProxy$CglibMethodInvocation.proceed(CglibAopProxy.java:765) ~[spring-aop-6.1.1.jar:6.1.1]
	at org.springframework.aop.framework.CglibAopProxy$DynamicAdvisedInterceptor.intercept(CglibAopProxy.java:717) ~[spring-aop-6.1.1.jar:6.1.1]
	at com.tradingbot.backend.service.PerformanceTrackingService$$SpringCGLIB$$0.captureBalanceSnapshot(<generated>) ~[classes/:na]
	at java.base/jdk.internal.reflect.NativeMethodAccessorImpl.invoke0(Native Method) ~[na:na]
	at java.base/jdk.internal.reflect.NativeMethodAccessorImpl.invoke(NativeMethodAccessorImpl.java:77) ~[na:na]
	at java.base/jdk.internal.reflect.DelegatingMethodAccessorImpl.invoke(DelegatingMethodAccessorImpl.java:43) ~[na:na]
	at java.base/java.lang.reflect.Method.invoke(Method.java:569) ~[na:na]
	at org.springframework.scheduling.support.ScheduledMethodRunnable.runInternal(ScheduledMethodRunnable.java:130) ~[spring-context-6.1.1.jar:6.1.1]
	at org.springframework.scheduling.support.ScheduledMethodRunnable.lambda$run$2(ScheduledMethodRunnable.java:124) ~[spring-context-6.1.1.jar:6.1.1]
	at io.micrometer.observation.Observation.observe(Observation.java:499) ~[micrometer-observation-1.12.0.jar:1.12.0]
	at org.springframework.scheduling.support.ScheduledMethodRunnable.run(ScheduledMethodRunnable.java:124) ~[spring-context-6.1.1.jar:6.1.1]
	at org.springframework.scheduling.support.DelegatingErrorHandlingRunnable.run(DelegatingErrorHandlingRunnable.java:54) ~[spring-context-6.1.1.jar:6.1.1]
	at java.base/java.util.concurrent.Executors$RunnableAdapter.call(Executors.java:539) ~[na:na]
	at java.base/java.util.concurrent.FutureTask.runAndReset(FutureTask.java:305) ~[na:na]
	at java.base/java.util.concurrent.ScheduledThreadPoolExecutor$ScheduledFutureTask.run(ScheduledThreadPoolExecutor.java:305) ~[na:na]
	at java.base/java.util.concurrent.ThreadPoolExecutor.runWorker(ThreadPoolExecutor.java:1136) ~[na:na]
	at java.base/java.util.concurrent.ThreadPoolExecutor$Worker.run(ThreadPoolExecutor.java:635) ~[na:na]
	at java.base/java.lang.Thread.run(Thread.java:840) ~[na:na]
Caused by: java.lang.RuntimeException: Failed to fetch account balance: Cannot invoke "org.springframework.http.ResponseEntity.getStatusCode()" because "response" is null
	at com.tradingbot.backend.service.AccountService.getAccountBalance(AccountService.java:76) ~[classes/:na]
	at com.tradingbot.backend.service.AccountService.getBalanceSummary(AccountService.java:87) ~[classes/:na]
	... 31 common frames omitted
Caused by: java.lang.NullPointerException: Cannot invoke "org.springframework.http.ResponseEntity.getStatusCode()" because "response" is null
	at com.tradingbot.backend.service.AccountService.getAccountBalance(AccountService.java:45) ~[classes/:na]
	... 32 common frames omitted

2025-06-12T04:41:58.280-04:00  INFO 92807 --- [MessageBroker-5] c.t.b.service.OrderManagementService     : OMS: Finished scheduled position update and reconciliation. 0 positions broadcasted as OPEN.
2025-06-12T04:41:58.287-04:00 DEBUG 92807 --- [           main] c.t.b.controller.MarketDataController    : Fetching spot server time
]]></system-out>
  </testcase>
  <testcase name="getSpotExchangeInformation_withoutSymbol_shouldReturnExchangeInfoFromService" classname="com.tradingbot.backend.controller.MarketDataControllerIntegrationTest" time="0.017">
    <system-out><![CDATA[2025-06-12T04:41:58.320-04:00 DEBUG 92807 --- [           main] c.t.b.controller.MarketDataController    : Fetching spot exchange info for symbol: null
]]></system-out>
  </testcase>
  <testcase name="getFuturesKlinesData_shouldReturnKlinesFromService" classname="com.tradingbot.backend.controller.MarketDataControllerIntegrationTest" time="0.011">
    <system-out><![CDATA[2025-06-12T04:41:58.337-04:00 DEBUG 92807 --- [           main] c.t.b.controller.MarketDataController    : Fetching futures klines for symbol: BTC_USDT, interval: Min15 using specialized service with improved error handling
2025-06-12T04:41:58.339-04:00 ERROR 92807 --- [           main] c.t.b.controller.MarketDataController    : Error transforming futures klines response: Cannot invoke "com.fasterxml.jackson.databind.JsonNode.get(int)" because "highArray" is null
]]></system-out>
  </testcase>
  <testcase name="getSpotExchangeInformation_withSymbol_shouldReturnExchangeInfoFromService" classname="com.tradingbot.backend.controller.MarketDataControllerIntegrationTest" time="0.004">
    <system-out><![CDATA[2025-06-12T04:41:58.345-04:00 DEBUG 92807 --- [           main] c.t.b.controller.MarketDataController    : Fetching spot exchange info for symbol: BTCUSDT
]]></system-out>
  </testcase>
</testsuite>